<?xml version="1.0" encoding="UTF-8"?>
<testng-results skipped="0" failed="0" ignored="0" total="1" passed="1">
  <reporter-output>
  </reporter-output>
  <suite name="Default suite" duration-ms="684" started-at="2018-02-16T22:03:15Z" finished-at="2018-02-16T22:03:15Z">
    <groups>
    </groups>
    <test name="Default test" duration-ms="684" started-at="2018-02-16T22:03:15Z" finished-at="2018-02-16T22:03:15Z">
      <class name="com.usa.ttech.student.MyFirstTest">
        <test-method status="PASS" signature="GetWeatherDetails()[pri:0, instance:com.usa.ttech.student.MyFirstTest@6d4b1c02]" name="GetWeatherDetails" duration-ms="643" started-at="2018-02-16T17:03:15Z" finished-at="2018-02-16T17:03:15Z">
          <reporter-output>
          </reporter-output>
        </test-method> <!-- GetWeatherDetails -->
      </class> <!-- com.usa.ttech.student.MyFirstTest -->
    </test> <!-- Default test -->
  </suite> <!-- Default suite -->
</testng-results>
