<?xml version="1.0" encoding="UTF-8"?>
<!-- Generated by org.testng.reporters.JUnitXMLReporter -->
<testsuite hostname="DESKTOP-FLR20HU" ignored="0" name="Test" tests="2" failures="2" timestamp="28 Jan 2018 04:22:40 GMT" time="0.091" errors="0">
  <testcase name="GetWeatherDetails" time="0.018" classname="com.usa.ttech.student.MyFirstTest">
    <failure type="java.lang.NoClassDefFoundError" message="io/restassured/RestAssured">
      <![CDATA[java.lang.NoClassDefFoundError: io/restassured/RestAssuredat com.usa.ttech.student.MyFirstTest.GetWeatherDetails(MyFirstTest.java:14)Caused by: java.lang.ClassNotFoundException: io.restassured.RestAssuredat java.net.URLClassLoader.findClass(URLClassLoader.java:381)at java.lang.ClassLoader.loadClass(ClassLoader.java:424)at sun.misc.Launcher$AppClassLoader.loadClass(Launcher.java:335)at java.lang.ClassLoader.loadClass(ClassLoader.java:357)... 26 more... Removed 25 stack frames]]>
    </failure>
  </testcase> <!-- GetWeatherDetails -->
  <testcase name="RegistrationSuccessful" time="0.005" classname="com.usa.ttech.student.MYsecendClass">
    <failure type="java.lang.NoClassDefFoundError" message="io/restassured/RestAssured">
      <![CDATA[java.lang.NoClassDefFoundError: io/restassured/RestAssuredat com.usa.ttech.student.MYsecendClass.RegistrationSuccessful(MYsecendClass.java:14)Caused by: java.lang.ClassNotFoundException: io.restassured.RestAssuredat java.net.URLClassLoader.findClass(URLClassLoader.java:381)at java.lang.ClassLoader.loadClass(ClassLoader.java:424)at sun.misc.Launcher$AppClassLoader.loadClass(Launcher.java:335)at java.lang.ClassLoader.loadClass(ClassLoader.java:357)... 26 more... Removed 25 stack frames]]>
    </failure>
  </testcase> <!-- RegistrationSuccessful -->
</testsuite> <!-- Test -->
