<?xml version="1.0" encoding="UTF-8"?>
<testng-results skipped="0" failed="0" total="1" passed="1">
  <reporter-output>
  </reporter-output>
  <suite name="Default suite" duration-ms="23095" started-at="2018-02-25T16:36:16Z" finished-at="2018-02-25T16:36:39Z">
    <groups>
    </groups>
    <test name="Default test" duration-ms="23095" started-at="2018-02-25T16:36:16Z" finished-at="2018-02-25T16:36:39Z">
      <class name="com.ttech.mobileTesting.miscelleanous">
        <test-method status="PASS" signature="PressRelese()[pri:0, instance:com.ttech.mobileTesting.miscelleanous@10bdf5e5]" name="PressRelese" duration-ms="23069" started-at="2018-02-25T11:36:16Z" finished-at="2018-02-25T11:36:39Z">
          <reporter-output>
          </reporter-output>
        </test-method> <!-- PressRelese -->
      </class> <!-- com.ttech.mobileTesting.miscelleanous -->
    </test> <!-- Default test -->
  </suite> <!-- Default suite -->
</testng-results>
